This is pdfTeX, Version 3.141592653-2.6-1.40.27 (MiKTeX 25.4) (preloaded format=pdflatex 2025.8.12)  13 AUG 2025 04:24
entering extended mode
 restricted \write18 enabled.
 file:line:error style messages enabled.
 %&-line parsing enabled.
**/home/datng/Files/bai_tap_lon_ME3011_HK243/bao_cao/main.tex
(/home/datng/Files/bai_tap_lon_ME3011_HK243/bao_cao/main.tex
LaTeX2e <2025-06-01> patch level 1
L3 programming layer <2025-07-20>
(/home/datng/.miktex/texmfs/install/tex/latex/base/article.cls
Document Class: article 2025/01/22 v1.4n Standard LaTeX document class
(/home/datng/.miktex/texmfs/install/tex/latex/base/size12.clo
File: size12.clo 2025/01/22 v1.4n Standard LaTeX file (size option)
)
\c@part=\count275
\c@section=\count276
\c@subsection=\count277
\c@subsubsection=\count278
\c@paragraph=\count279
\c@subparagraph=\count280
\c@figure=\count281
\c@table=\count282
\abovecaptionskip=\skip49
\belowcaptionskip=\skip50
\bibindent=\dimen148
) (/home/datng/.miktex/texmfs/install/tex/latex/geometry/geometry.sty
Package: geometry 2020/01/02 v5.9 Page Geometry
 (/home/datng/.miktex/texmfs/install/tex/latex/graphics/keyval.sty
Package: keyval 2022/05/29 v1.15 key=value parser (DPC)
\KV@toks@=\toks17
) (/home/datng/.miktex/texmfs/install/tex/generic/iftex/ifvtex.sty
Package: ifvtex 2019/10/25 v1.7 ifvtex legacy package. Use iftex instead.
 (/home/datng/.miktex/texmfs/install/tex/generic/iftex/iftex.sty
Package: iftex 2024/12/12 v1.0g TeX engine tests
))
\Gm@cnth=\count283
\Gm@cntv=\count284
\c@Gm@tempcnt=\count285
\Gm@bindingoffset=\dimen149
\Gm@wd@mp=\dimen150
\Gm@odd@mp=\dimen151
\Gm@even@mp=\dimen152
\Gm@layoutwidth=\dimen153
\Gm@layoutheight=\dimen154
\Gm@layouthoffset=\dimen155
\Gm@layoutvoffset=\dimen156
\Gm@dimlist=\toks18
 (/home/datng/.miktex/texmfs/install/tex/latex/geometry/geometry.cfg)) (/home/datng/.miktex/texmfs/install/tex/latex/url/url.sty
\Urlmuskip=\muskip17
Package: url 2013/09/16  ver 3.4  Verb mode for urls, etc.
) (/home/datng/.miktex/texmfs/install/tex/latex/graphics/graphicx.sty
Package: graphicx 2024/12/31 v1.2e Enhanced LaTeX Graphics (DPC,SPQR)
 (/home/datng/.miktex/texmfs/install/tex/latex/graphics/graphics.sty
Package: graphics 2024/08/06 v1.4g Standard LaTeX Graphics (DPC,SPQR)
 (/home/datng/.miktex/texmfs/install/tex/latex/graphics/trig.sty
Package: trig 2023/12/02 v1.11 sin cos tan (DPC)
) (/home/datng/.miktex/texmfs/install/tex/latex/graphics-cfg/graphics.cfg
File: graphics.cfg 2016/06/04 v1.11 sample graphics configuration
)
Package graphics Info: Driver file: pdftex.def on input line 106.
 (/home/datng/.miktex/texmfs/install/tex/latex/graphics-def/pdftex.def
File: pdftex.def 2024/04/13 v1.2c Graphics/color driver for pdftex
))
\Gin@req@height=\dimen157
\Gin@req@width=\dimen158
) (/home/datng/.miktex/texmfs/install/tex/latex/vntex/vietnam.sty
Package: vietnam 2009/07/12 v1.3 support for Vietnamese
 (/home/datng/.miktex/texmfs/install/tex/latex/base/ifthen.sty
Package: ifthen 2024/03/16 v1.1e Standard LaTeX ifthen package (DPC)
) (/home/datng/.miktex/texmfs/install/tex/latex/base/fontenc.sty
Package: fontenc 2024/12/21 v2.1c Standard LaTeX package
 (/home/datng/.miktex/texmfs/install/tex/latex/vntex/t5enc.def
File: t5enc.def 2006/11/21 v1.4 Vietnamese T5 encoding
Now handling font encoding T5 ...
... processing UTF-8 mapping file for font encoding T5
 (/home/datng/.miktex/texmfs/install/tex/latex/vntex/t5enc.dfu
File: t5enc.dfu 2006/08/19 v1.1 UTF8 support for Vietnamese
   defining Unicode char U+00AB (decimal 171)
   defining Unicode char U+00BB (decimal 187)
   defining Unicode char U+00C0 (decimal 192)
   defining Unicode char U+00C1 (decimal 193)
   defining Unicode char U+00C2 (decimal 194)
   defining Unicode char U+00C3 (decimal 195)
   defining Unicode char U+00C8 (decimal 200)
   defining Unicode char U+00C9 (decimal 201)
   defining Unicode char U+00CA (decimal 202)
   defining Unicode char U+00CC (decimal 204)
   defining Unicode char U+00CD (decimal 205)
   defining Unicode char U+00D2 (decimal 210)
   defining Unicode char U+00D3 (decimal 211)
   defining Unicode char U+00D4 (decimal 212)
   defining Unicode char U+00D5 (decimal 213)
   defining Unicode char U+00D9 (decimal 217)
   defining Unicode char U+00DA (decimal 218)
   defining Unicode char U+00DD (decimal 221)
   defining Unicode char U+00E0 (decimal 224)
   defining Unicode char U+00E1 (decimal 225)
   defining Unicode char U+00E2 (decimal 226)
   defining Unicode char U+00E3 (decimal 227)
   defining Unicode char U+00E8 (decimal 232)
   defining Unicode char U+00E9 (decimal 233)
   defining Unicode char U+00EA (decimal 234)
   defining Unicode char U+00EC (decimal 236)
   defining Unicode char U+00ED (decimal 237)
   defining Unicode char U+00F2 (decimal 242)
   defining Unicode char U+00F3 (decimal 243)
   defining Unicode char U+00F4 (decimal 244)
   defining Unicode char U+00F5 (decimal 245)
   defining Unicode char U+00F9 (decimal 249)
   defining Unicode char U+00FA (decimal 250)
   defining Unicode char U+00FD (decimal 253)
   defining Unicode char U+0102 (decimal 258)
   defining Unicode char U+0103 (decimal 259)
   defining Unicode char U+0110 (decimal 272)
   defining Unicode char U+0111 (decimal 273)
   defining Unicode char U+0128 (decimal 296)
   defining Unicode char U+0129 (decimal 297)
   defining Unicode char U+0131 (decimal 305)
   defining Unicode char U+0168 (decimal 360)
   defining Unicode char U+0169 (decimal 361)
   defining Unicode char U+01A0 (decimal 416)
   defining Unicode char U+01A1 (decimal 417)
   defining Unicode char U+01AF (decimal 431)
   defining Unicode char U+01B0 (decimal 432)
   defining Unicode char U+1EA0 (decimal 7840)
   defining Unicode char U+1EA1 (decimal 7841)
   defining Unicode char U+1EA2 (decimal 7842)
   defining Unicode char U+1EA3 (decimal 7843)
   defining Unicode char U+1EA4 (decimal 7844)
   defining Unicode char U+1EA5 (decimal 7845)
   defining Unicode char U+1EA6 (decimal 7846)
   defining Unicode char U+1EA7 (decimal 7847)
   defining Unicode char U+1EA8 (decimal 7848)
   defining Unicode char U+1EA9 (decimal 7849)
   defining Unicode char U+1EAA (decimal 7850)
   defining Unicode char U+1EAB (decimal 7851)
   defining Unicode char U+1EAC (decimal 7852)
   defining Unicode char U+1EAD (decimal 7853)
   defining Unicode char U+1EAE (decimal 7854)
   defining Unicode char U+1EAF (decimal 7855)
   defining Unicode char U+1EB0 (decimal 7856)
   defining Unicode char U+1EB1 (decimal 7857)
   defining Unicode char U+1EB2 (decimal 7858)
   defining Unicode char U+1EB3 (decimal 7859)
   defining Unicode char U+1EB4 (decimal 7860)
   defining Unicode char U+1EB5 (decimal 7861)
   defining Unicode char U+1EB6 (decimal 7862)
   defining Unicode char U+1EB7 (decimal 7863)
   defining Unicode char U+1EB8 (decimal 7864)
   defining Unicode char U+1EB9 (decimal 7865)
   defining Unicode char U+1EBA (decimal 7866)
   defining Unicode char U+1EBB (decimal 7867)
   defining Unicode char U+1EBC (decimal 7868)
   defining Unicode char U+1EBD (decimal 7869)
   defining Unicode char U+1EBE (decimal 7870)
   defining Unicode char U+1EBF (decimal 7871)
   defining Unicode char U+1EC0 (decimal 7872)
   defining Unicode char U+1EC1 (decimal 7873)
   defining Unicode char U+1EC2 (decimal 7874)
   defining Unicode char U+1EC3 (decimal 7875)
   defining Unicode char U+1EC4 (decimal 7876)
   defining Unicode char U+1EC5 (decimal 7877)
   defining Unicode char U+1EC6 (decimal 7878)
   defining Unicode char U+1EC7 (decimal 7879)
   defining Unicode char U+1EC8 (decimal 7880)
   defining Unicode char U+1EC9 (decimal 7881)
   defining Unicode char U+1ECA (decimal 7882)
   defining Unicode char U+1ECB (decimal 7883)
   defining Unicode char U+1ECC (decimal 7884)
   defining Unicode char U+1ECD (decimal 7885)
   defining Unicode char U+1ECE (decimal 7886)
   defining Unicode char U+1ECF (decimal 7887)
   defining Unicode char U+1ED0 (decimal 7888)
   defining Unicode char U+1ED1 (decimal 7889)
   defining Unicode char U+1ED2 (decimal 7890)
   defining Unicode char U+1ED3 (decimal 7891)
   defining Unicode char U+1ED4 (decimal 7892)
   defining Unicode char U+1ED5 (decimal 7893)
   defining Unicode char U+1ED6 (decimal 7894)
   defining Unicode char U+1ED7 (decimal 7895)
   defining Unicode char U+1ED8 (decimal 7896)
   defining Unicode char U+1ED9 (decimal 7897)
   defining Unicode char U+1EDA (decimal 7898)
   defining Unicode char U+1EDB (decimal 7899)
   defining Unicode char U+1EDC (decimal 7900)
   defining Unicode char U+1EDD (decimal 7901)
   defining Unicode char U+1EDE (decimal 7902)
   defining Unicode char U+1EDF (decimal 7903)
   defining Unicode char U+1EE0 (decimal 7904)
   defining Unicode char U+1EE1 (decimal 7905)
   defining Unicode char U+1EE2 (decimal 7906)
   defining Unicode char U+1EE3 (decimal 7907)
   defining Unicode char U+1EE4 (decimal 7908)
   defining Unicode char U+1EE5 (decimal 7909)
   defining Unicode char U+1EE6 (decimal 7910)
   defining Unicode char U+1EE7 (decimal 7911)
   defining Unicode char U+1EE8 (decimal 7912)
   defining Unicode char U+1EE9 (decimal 7913)
   defining Unicode char U+1EEA (decimal 7914)
   defining Unicode char U+1EEB (decimal 7915)
   defining Unicode char U+1EEC (decimal 7916)
   defining Unicode char U+1EED (decimal 7917)
   defining Unicode char U+1EEE (decimal 7918)
   defining Unicode char U+1EEF (decimal 7919)
   defining Unicode char U+1EF0 (decimal 7920)
   defining Unicode char U+1EF1 (decimal 7921)
   defining Unicode char U+1EF2 (decimal 7922)
   defining Unicode char U+1EF3 (decimal 7923)
   defining Unicode char U+1EF4 (decimal 7924)
   defining Unicode char U+1EF5 (decimal 7925)
   defining Unicode char U+1EF6 (decimal 7926)
   defining Unicode char U+1EF7 (decimal 7927)
   defining Unicode char U+1EF8 (decimal 7928)
   defining Unicode char U+1EF9 (decimal 7929)
   defining Unicode char U+200C (decimal 8204)
   defining Unicode char U+2013 (decimal 8211)
   defining Unicode char U+2014 (decimal 8212)
   defining Unicode char U+2018 (decimal 8216)
   defining Unicode char U+2019 (decimal 8217)
   defining Unicode char U+201A (decimal 8218)
   defining Unicode char U+201C (decimal 8220)
   defining Unicode char U+201D (decimal 8221)
   defining Unicode char U+201E (decimal 8222)
   defining Unicode char U+2030 (decimal 8240)
   defining Unicode char U+2031 (decimal 8241)
   defining Unicode char U+2039 (decimal 8249)
   defining Unicode char U+203A (decimal 8250)
   defining Unicode char U+2423 (decimal 9251)
))
LaTeX Font Info:    Trying to load font information for T5+cmr on input line 116.
 (/home/datng/.miktex/texmfs/install/tex/latex/vntex/t5cmr.fd
File: t5cmr.fd 1999/05/25 v2.5h Standard LaTeX font definitions
)) (/home/datng/.miktex/texmfs/install/tex/latex/base/inputenc.sty
Package: inputenc 2024/02/08 v1.3d Input encoding file
\inpenc@prehook=\toks19
\inpenc@posthook=\toks20
) (/home/datng/.miktex/texmfs/install/tex/latex/vntex/vncaps.tex
File: vncaps.tex 2006/06/07 v1.1 Captions in Vietnamese
)) (/home/datng/.miktex/texmfs/install/tex/latex/circuitikz/circuitikz.sty
Package: circuitikz 2025/07/08{} The CircuiTikz circuit drawing package version 1.8.2
 (/home/datng/.miktex/texmfs/install/tex/latex/pgf/frontendlayer/tikz.sty (/home/datng/.miktex/texmfs/install/tex/latex/pgf/basiclayer/pgf.sty (/home/datng/.miktex/texmfs/install/tex/latex/pgf/utilities/pgfrcs.sty (/home/datng/.miktex/texmfs/install/tex/generic/pgf/utilities/pgfutil-common.tex
\pgfutil@everybye=\toks21
\pgfutil@tempdima=\dimen159
\pgfutil@tempdimb=\dimen160
) (/home/datng/.miktex/texmfs/install/tex/generic/pgf/utilities/pgfutil-latex.def
\pgfutil@abb=\box53
) (/home/datng/.miktex/texmfs/install/tex/generic/pgf/utilities/pgfrcs.code.tex (/home/datng/.miktex/texmfs/install/tex/generic/pgf/pgf.revision.tex)
Package: pgfrcs 2023-01-15 v3.1.10 (3.1.10)
))
Package: pgf 2023-01-15 v3.1.10 (3.1.10)
 (/home/datng/.miktex/texmfs/install/tex/latex/pgf/basiclayer/pgfcore.sty (/home/datng/.miktex/texmfs/install/tex/latex/pgf/systemlayer/pgfsys.sty (/home/datng/.miktex/texmfs/install/tex/generic/pgf/systemlayer/pgfsys.code.tex
Package: pgfsys 2023-01-15 v3.1.10 (3.1.10)
 (/home/datng/.miktex/texmfs/install/tex/generic/pgf/utilities/pgfkeys.code.tex
\pgfkeys@pathtoks=\toks22
\pgfkeys@temptoks=\toks23
 (/home/datng/.miktex/texmfs/install/tex/generic/pgf/utilities/pgfkeyslibraryfiltered.code.tex
\pgfkeys@tmptoks=\toks24
))
\pgf@x=\dimen161
\pgf@y=\dimen162
\pgf@xa=\dimen163
\pgf@ya=\dimen164
\pgf@xb=\dimen165
\pgf@yb=\dimen166
\pgf@xc=\dimen167
\pgf@yc=\dimen168
\pgf@xd=\dimen169
\pgf@yd=\dimen170
\w@pgf@writea=\write3
\r@pgf@reada=\read2
\c@pgf@counta=\count286
\c@pgf@countb=\count287
\c@pgf@countc=\count288
\c@pgf@countd=\count289
\t@pgf@toka=\toks25
\t@pgf@tokb=\toks26
\t@pgf@tokc=\toks27
\pgf@sys@id@count=\count290
 (/home/datng/.miktex/texmfs/install/tex/generic/pgf/systemlayer/pgf.cfg
File: pgf.cfg 2023-01-15 v3.1.10 (3.1.10)
)
Driver file for pgf: pgfsys-pdftex.def
 (/home/datng/.miktex/texmfs/install/tex/generic/pgf/systemlayer/pgfsys-pdftex.def
File: pgfsys-pdftex.def 2023-01-15 v3.1.10 (3.1.10)
 (/home/datng/.miktex/texmfs/install/tex/generic/pgf/systemlayer/pgfsys-common-pdf.def
File: pgfsys-common-pdf.def 2023-01-15 v3.1.10 (3.1.10)
))) (/home/datng/.miktex/texmfs/install/tex/generic/pgf/systemlayer/pgfsyssoftpath.code.tex
File: pgfsyssoftpath.code.tex 2023-01-15 v3.1.10 (3.1.10)
\pgfsyssoftpath@smallbuffer@items=\count291
\pgfsyssoftpath@bigbuffer@items=\count292
) (/home/datng/.miktex/texmfs/install/tex/generic/pgf/systemlayer/pgfsysprotocol.code.tex
File: pgfsysprotocol.code.tex 2023-01-15 v3.1.10 (3.1.10)
)) (/home/datng/.miktex/texmfs/install/tex/latex/xcolor/xcolor.sty
Package: xcolor 2024/09/29 v3.02 LaTeX color extensions (UK)
 (/home/datng/.miktex/texmfs/install/tex/latex/graphics-cfg/color.cfg
File: color.cfg 2016/01/02 v1.6 sample color configuration
)
Package xcolor Info: Driver file: pdftex.def on input line 274.
 (/home/datng/.miktex/texmfs/install/tex/latex/graphics/mathcolor.ltx)
Package xcolor Info: Model `cmy' substituted by `cmy0' on input line 1349.
Package xcolor Info: Model `hsb' substituted by `rgb' on input line 1353.
Package xcolor Info: Model `RGB' extended on input line 1365.
Package xcolor Info: Model `HTML' substituted by `rgb' on input line 1367.
Package xcolor Info: Model `Hsb' substituted by `hsb' on input line 1368.
Package xcolor Info: Model `tHsb' substituted by `hsb' on input line 1369.
Package xcolor Info: Model `HSB' substituted by `hsb' on input line 1370.
Package xcolor Info: Model `Gray' substituted by `gray' on input line 1371.
Package xcolor Info: Model `wave' substituted by `hsb' on input line 1372.
) (/home/datng/.miktex/texmfs/install/tex/generic/pgf/basiclayer/pgfcore.code.tex
Package: pgfcore 2023-01-15 v3.1.10 (3.1.10)
 (/home/datng/.miktex/texmfs/install/tex/generic/pgf/math/pgfmath.code.tex (/home/datng/.miktex/texmfs/install/tex/generic/pgf/math/pgfmathutil.code.tex) (/home/datng/.miktex/texmfs/install/tex/generic/pgf/math/pgfmathparser.code.tex
\pgfmath@dimen=\dimen171
\pgfmath@count=\count293
\pgfmath@box=\box54
\pgfmath@toks=\toks28
\pgfmath@stack@operand=\toks29
\pgfmath@stack@operation=\toks30
) (/home/datng/.miktex/texmfs/install/tex/generic/pgf/math/pgfmathfunctions.code.tex) (/home/datng/.miktex/texmfs/install/tex/generic/pgf/math/pgfmathfunctions.basic.code.tex) (/home/datng/.miktex/texmfs/install/tex/generic/pgf/math/pgfmathfunctions.trigonometric.code.tex) (/home/datng/.miktex/texmfs/install/tex/generic/pgf/math/pgfmathfunctions.random.code.tex) (/home/datng/.miktex/texmfs/install/tex/generic/pgf/math/pgfmathfunctions.comparison.code.tex) (/home/datng/.miktex/texmfs/install/tex/generic/pgf/math/pgfmathfunctions.base.code.tex) (/home/datng/.miktex/texmfs/install/tex/generic/pgf/math/pgfmathfunctions.round.code.tex) (/home/datng/.miktex/texmfs/install/tex/generic/pgf/math/pgfmathfunctions.misc.code.tex) (/home/datng/.miktex/texmfs/install/tex/generic/pgf/math/pgfmathfunctions.integerarithmetics.code.tex) (/home/datng/.miktex/texmfs/install/tex/generic/pgf/math/pgfmathcalc.code.tex) (/home/datng/.miktex/texmfs/install/tex/generic/pgf/math/pgfmathfloat.code.tex
\c@pgfmathroundto@lastzeros=\count294
)) (/home/datng/.miktex/texmfs/install/tex/generic/pgf/math/pgfint.code.tex) (/home/datng/.miktex/texmfs/install/tex/generic/pgf/basiclayer/pgfcorepoints.code.tex
File: pgfcorepoints.code.tex 2023-01-15 v3.1.10 (3.1.10)
\pgf@picminx=\dimen172
\pgf@picmaxx=\dimen173
\pgf@picminy=\dimen174
\pgf@picmaxy=\dimen175
\pgf@pathminx=\dimen176
\pgf@pathmaxx=\dimen177
\pgf@pathminy=\dimen178
\pgf@pathmaxy=\dimen179
\pgf@xx=\dimen180
\pgf@xy=\dimen181
\pgf@yx=\dimen182
\pgf@yy=\dimen183
\pgf@zx=\dimen184
\pgf@zy=\dimen185
) (/home/datng/.miktex/texmfs/install/tex/generic/pgf/basiclayer/pgfcorepathconstruct.code.tex
File: pgfcorepathconstruct.code.tex 2023-01-15 v3.1.10 (3.1.10)
\pgf@path@lastx=\dimen186
\pgf@path@lasty=\dimen187
) (/home/datng/.miktex/texmfs/install/tex/generic/pgf/basiclayer/pgfcorepathusage.code.tex
File: pgfcorepathusage.code.tex 2023-01-15 v3.1.10 (3.1.10)
\pgf@shorten@end@additional=\dimen188
\pgf@shorten@start@additional=\dimen189
) (/home/datng/.miktex/texmfs/install/tex/generic/pgf/basiclayer/pgfcorescopes.code.tex
File: pgfcorescopes.code.tex 2023-01-15 v3.1.10 (3.1.10)
\pgfpic=\box55
\pgf@hbox=\box56
\pgf@layerbox@main=\box57
\pgf@picture@serial@count=\count295
) (/home/datng/.miktex/texmfs/install/tex/generic/pgf/basiclayer/pgfcoregraphicstate.code.tex
File: pgfcoregraphicstate.code.tex 2023-01-15 v3.1.10 (3.1.10)
\pgflinewidth=\dimen190
) (/home/datng/.miktex/texmfs/install/tex/generic/pgf/basiclayer/pgfcoretransformations.code.tex
File: pgfcoretransformations.code.tex 2023-01-15 v3.1.10 (3.1.10)
\pgf@pt@x=\dimen191
\pgf@pt@y=\dimen192
\pgf@pt@temp=\dimen193
) (/home/datng/.miktex/texmfs/install/tex/generic/pgf/basiclayer/pgfcorequick.code.tex
File: pgfcorequick.code.tex 2023-01-15 v3.1.10 (3.1.10)
) (/home/datng/.miktex/texmfs/install/tex/generic/pgf/basiclayer/pgfcoreobjects.code.tex
File: pgfcoreobjects.code.tex 2023-01-15 v3.1.10 (3.1.10)
) (/home/datng/.miktex/texmfs/install/tex/generic/pgf/basiclayer/pgfcorepathprocessing.code.tex
File: pgfcorepathprocessing.code.tex 2023-01-15 v3.1.10 (3.1.10)
) (/home/datng/.miktex/texmfs/install/tex/generic/pgf/basiclayer/pgfcorearrows.code.tex
File: pgfcorearrows.code.tex 2023-01-15 v3.1.10 (3.1.10)
\pgfarrowsep=\dimen194
) (/home/datng/.miktex/texmfs/install/tex/generic/pgf/basiclayer/pgfcoreshade.code.tex
File: pgfcoreshade.code.tex 2023-01-15 v3.1.10 (3.1.10)
\pgf@max=\dimen195
\pgf@sys@shading@range@num=\count296
\pgf@shadingcount=\count297
) (/home/datng/.miktex/texmfs/install/tex/generic/pgf/basiclayer/pgfcoreimage.code.tex
File: pgfcoreimage.code.tex 2023-01-15 v3.1.10 (3.1.10)
) (/home/datng/.miktex/texmfs/install/tex/generic/pgf/basiclayer/pgfcoreexternal.code.tex
File: pgfcoreexternal.code.tex 2023-01-15 v3.1.10 (3.1.10)
\pgfexternal@startupbox=\box58
) (/home/datng/.miktex/texmfs/install/tex/generic/pgf/basiclayer/pgfcorelayers.code.tex
File: pgfcorelayers.code.tex 2023-01-15 v3.1.10 (3.1.10)
) (/home/datng/.miktex/texmfs/install/tex/generic/pgf/basiclayer/pgfcoretransparency.code.tex
File: pgfcoretransparency.code.tex 2023-01-15 v3.1.10 (3.1.10)
) (/home/datng/.miktex/texmfs/install/tex/generic/pgf/basiclayer/pgfcorepatterns.code.tex
File: pgfcorepatterns.code.tex 2023-01-15 v3.1.10 (3.1.10)
) (/home/datng/.miktex/texmfs/install/tex/generic/pgf/basiclayer/pgfcorerdf.code.tex
File: pgfcorerdf.code.tex 2023-01-15 v3.1.10 (3.1.10)
))) (/home/datng/.miktex/texmfs/install/tex/generic/pgf/modules/pgfmoduleshapes.code.tex
File: pgfmoduleshapes.code.tex 2023-01-15 v3.1.10 (3.1.10)
\pgfnodeparttextbox=\box59
) (/home/datng/.miktex/texmfs/install/tex/generic/pgf/modules/pgfmoduleplot.code.tex
File: pgfmoduleplot.code.tex 2023-01-15 v3.1.10 (3.1.10)
) (/home/datng/.miktex/texmfs/install/tex/latex/pgf/compatibility/pgfcomp-version-0-65.sty
Package: pgfcomp-version-0-65 2023-01-15 v3.1.10 (3.1.10)
\pgf@nodesepstart=\dimen196
\pgf@nodesepend=\dimen197
) (/home/datng/.miktex/texmfs/install/tex/latex/pgf/compatibility/pgfcomp-version-1-18.sty
Package: pgfcomp-version-1-18 2023-01-15 v3.1.10 (3.1.10)
)) (/home/datng/.miktex/texmfs/install/tex/latex/pgf/utilities/pgffor.sty (/home/datng/.miktex/texmfs/install/tex/latex/pgf/utilities/pgfkeys.sty (/home/datng/.miktex/texmfs/install/tex/generic/pgf/utilities/pgfkeys.code.tex)) (/home/datng/.miktex/texmfs/install/tex/latex/pgf/math/pgfmath.sty (/home/datng/.miktex/texmfs/install/tex/generic/pgf/math/pgfmath.code.tex)) (/home/datng/.miktex/texmfs/install/tex/generic/pgf/utilities/pgffor.code.tex
Package: pgffor 2023-01-15 v3.1.10 (3.1.10)
\pgffor@iter=\dimen198
\pgffor@skip=\dimen199
\pgffor@stack=\toks31
\pgffor@toks=\toks32
)) (/home/datng/.miktex/texmfs/install/tex/generic/pgf/frontendlayer/tikz/tikz.code.tex
Package: tikz 2023-01-15 v3.1.10 (3.1.10)
 (/home/datng/.miktex/texmfs/install/tex/generic/pgf/libraries/pgflibraryplothandlers.code.tex
File: pgflibraryplothandlers.code.tex 2023-01-15 v3.1.10 (3.1.10)
\pgf@plot@mark@count=\count298
\pgfplotmarksize=\dimen256
)
\tikz@lastx=\dimen257
\tikz@lasty=\dimen258
\tikz@lastxsaved=\dimen259
\tikz@lastysaved=\dimen260
\tikz@lastmovetox=\dimen261
\tikz@lastmovetoy=\dimen262
\tikzleveldistance=\dimen263
\tikzsiblingdistance=\dimen264
\tikz@figbox=\box60
\tikz@figbox@bg=\box61
\tikz@tempbox=\box62
\tikz@tempbox@bg=\box63
\tikztreelevel=\count299
\tikznumberofchildren=\count300
\tikznumberofcurrentchild=\count301
\tikz@fig@count=\count302
 (/home/datng/.miktex/texmfs/install/tex/generic/pgf/modules/pgfmodulematrix.code.tex
File: pgfmodulematrix.code.tex 2023-01-15 v3.1.10 (3.1.10)
\pgfmatrixcurrentrow=\count303
\pgfmatrixcurrentcolumn=\count304
\pgf@matrix@numberofcolumns=\count305
)
\tikz@expandcount=\count306
 (/home/datng/.miktex/texmfs/install/tex/generic/pgf/frontendlayer/tikz/libraries/tikzlibrarytopaths.code.tex
File: tikzlibrarytopaths.code.tex 2023-01-15 v3.1.10 (3.1.10)
))) (/home/datng/.miktex/texmfs/install/tex/generic/pgf/frontendlayer/tikz/libraries/tikzlibrarycalc.code.tex
File: tikzlibrarycalc.code.tex 2023-01-15 v3.1.10 (3.1.10)
) (/home/datng/.miktex/texmfs/install/tex/generic/pgf/libraries/pgflibraryarrows.meta.code.tex
File: pgflibraryarrows.meta.code.tex 2023-01-15 v3.1.10 (3.1.10)
\pgfarrowinset=\dimen265
\pgfarrowlength=\dimen266
\pgfarrowwidth=\dimen267
\pgfarrowlinewidth=\dimen268
) (/home/datng/.miktex/texmfs/install/tex/generic/pgf/frontendlayer/tikz/libraries/tikzlibrarybending.code.tex
File: tikzlibrarybending.code.tex 2023-01-15 v3.1.10 (3.1.10)
 (/home/datng/.miktex/texmfs/install/tex/generic/pgf/modules/pgfmodulebending.code.tex
File: pgfmodulebending.code.tex 2023-01-15 v3.1.10 (3.1.10)
 (/home/datng/.miktex/texmfs/install/tex/generic/pgf/modules/pgfmodulenonlineartransformations.code.tex
File: pgfmodulenonlineartransformations.code.tex 2023-01-15 v3.1.10 (3.1.10)
\pgftransformnonlinearflatness=\dimen269
) (/home/datng/.miktex/texmfs/install/tex/generic/pgf/libraries/pgflibrarycurvilinear.code.tex
File: pgflibrarycurvilinear.code.tex 2023-01-15 v3.1.10 (3.1.10)
\pgf@curvilinear@time@a=\dimen270
\pgf@curvilinear@length@a=\dimen271
\pgf@curvilinear@length@b=\dimen272
\pgf@curvilinear@length@c=\dimen273
\pgf@curvilinear@length@d=\dimen274
)
\pgf@arrows@the@rigidity=\dimen275
)) (/home/datng/.miktex/texmfs/install/tex/generic/pgf/frontendlayer/tikz/libraries/tikzlibraryfpu.code.tex (/home/datng/.miktex/texmfs/install/tex/generic/pgf/libraries/pgflibraryfpu.code.tex)) (/home/datng/.miktex/texmfs/install/tex/generic/circuitikz/pgfcirc.defines.tex
\pgf@circ@count@a=\count307
\pgf@circ@count@b=\count308
\pgf@circ@count@c=\count309
\pgf@circ@res@up=\dimen276
\pgf@circ@res@down=\dimen277
\pgf@circ@res@zero=\dimen278
\pgf@circ@res@left=\dimen279
\pgf@circ@res@right=\dimen280
\pgf@circ@res@other=\dimen281
\pgf@circ@res@step=\dimen282
\pgf@circ@res@temp=\dimen283
\pgf@circ@Rlen=\dimen284
\pgf@circ@scaled@Rlen=\dimen285
\pgfstartlinewidth=\dimen286
) (/home/datng/.miktex/texmfs/install/tex/generic/circuitikz/pgfcircutils.tex
\ctikz@scratchbox=\box64
) (/home/datng/.miktex/texmfs/install/tex/generic/circuitikz/pgfcircpath.tex) (/home/datng/.miktex/texmfs/install/tex/generic/circuitikz/pgfcircshapes.tex) (/home/datng/.miktex/texmfs/install/tex/generic/circuitikz/pgfcircmonopoles.tex) (/home/datng/.miktex/texmfs/install/tex/generic/circuitikz/pgfcircbipoles.tex) (/home/datng/.miktex/texmfs/install/tex/generic/circuitikz/pgfcirctripoles.tex
\pgf@circ@res@count=\count310
) (/home/datng/.miktex/texmfs/install/tex/generic/circuitikz/pgfcircquadpoles.tex) (/home/datng/.miktex/texmfs/install/tex/generic/circuitikz/pgfcircmultipoles.tex) (/home/datng/.miktex/texmfs/install/tex/generic/circuitikz/pgfcirclabel.tex) (/home/datng/.miktex/texmfs/install/tex/generic/circuitikz/pgfcircvoltage.tex
\pgfcirc@labelshift=\dimen287
) (/home/datng/.miktex/texmfs/install/tex/generic/circuitikz/pgfcirccurrent.tex) (/home/datng/.miktex/texmfs/install/tex/generic/circuitikz/pgfcircflow.tex)) (/home/datng/.miktex/texmfs/install/tex/latex/physics/physics.sty
Package: physics 
 (/home/datng/.miktex/texmfs/install/tex/latex/l3packages/xparse/xparse.sty (/home/datng/.miktex/texmfs/install/tex/latex/l3kernel/expl3.sty
Package: expl3 2025-07-20 L3 programming layer (loader) 
 (/home/datng/.miktex/texmfs/install/tex/latex/l3backend/l3backend-pdftex.def
File: l3backend-pdftex.def 2025-06-09 L3 backend support: PDF output (pdfTeX)
\l__color_backend_stack_int=\count311
))
Package: xparse 2024-08-16 L3 Experimental document command parser
) (/home/datng/.miktex/texmfs/install/tex/latex/amsmath/amsmath.sty
Package: amsmath 2025/06/16 v2.17y AMS math features
\@mathmargin=\skip51

For additional information on amsmath, use the `?' option.
(/home/datng/.miktex/texmfs/install/tex/latex/amsmath/amstext.sty
Package: amstext 2024/11/17 v2.01 AMS text
 (/home/datng/.miktex/texmfs/install/tex/latex/amsmath/amsgen.sty
File: amsgen.sty 1999/11/30 v2.0 generic functions
\@emptytoks=\toks33
\ex@=\dimen288
)) (/home/datng/.miktex/texmfs/install/tex/latex/amsmath/amsbsy.sty
Package: amsbsy 1999/11/29 v1.2d Bold Symbols
\pmbraise@=\dimen289
) (/home/datng/.miktex/texmfs/install/tex/latex/amsmath/amsopn.sty
Package: amsopn 2022/04/08 v2.04 operator names
)
\inf@bad=\count312
LaTeX Info: Redefining \frac on input line 233.
\uproot@=\count313
\leftroot@=\count314
LaTeX Info: Redefining \overline on input line 398.
LaTeX Info: Redefining \colon on input line 409.
\classnum@=\count315
\DOTSCASE@=\count316
LaTeX Info: Redefining \ldots on input line 495.
LaTeX Info: Redefining \dots on input line 498.
LaTeX Info: Redefining \cdots on input line 619.
\Mathstrutbox@=\box65
\strutbox@=\box66
LaTeX Info: Redefining \big on input line 721.
LaTeX Info: Redefining \Big on input line 722.
LaTeX Info: Redefining \bigg on input line 723.
LaTeX Info: Redefining \Bigg on input line 724.
\big@size=\dimen290
LaTeX Font Info:    Redeclaring font encoding OML on input line 742.
LaTeX Font Info:    Redeclaring font encoding OMS on input line 743.
\macc@depth=\count317
LaTeX Info: Redefining \bmod on input line 904.
LaTeX Info: Redefining \pmod on input line 909.
LaTeX Info: Redefining \smash on input line 939.
LaTeX Info: Redefining \relbar on input line 969.
LaTeX Info: Redefining \Relbar on input line 970.
\c@MaxMatrixCols=\count318
\dotsspace@=\muskip18
\c@parentequation=\count319
\dspbrk@lvl=\count320
\tag@help=\toks34
\row@=\count321
\column@=\count322
\maxfields@=\count323
\andhelp@=\toks35
\eqnshift@=\dimen291
\alignsep@=\dimen292
\tagshift@=\dimen293
\tagwidth@=\dimen294
\totwidth@=\dimen295
\lineht@=\dimen296
\@envbody=\toks36
\multlinegap=\skip52
\multlinetaggap=\skip53
\mathdisplay@stack=\toks37
LaTeX Info: Redefining \[ on input line 2949.
LaTeX Info: Redefining \] on input line 2950.
)) (/home/datng/.miktex/texmfs/install/tex/generic/pgf/frontendlayer/tikz/libraries/tikzlibrarypositioning.code.tex
File: tikzlibrarypositioning.code.tex 2023-01-15 v3.1.10 (3.1.10)
) (/home/datng/.miktex/texmfs/install/tex/latex/caption/caption.sty
Package: caption 2023/08/05 v3.6o Customizing captions (AR)
 (/home/datng/.miktex/texmfs/install/tex/latex/caption/caption3.sty
Package: caption3 2023/07/31 v2.4d caption3 kernel (AR)
\caption@tempdima=\dimen297
\captionmargin=\dimen298
\caption@leftmargin=\dimen299
\caption@rightmargin=\dimen300
\caption@width=\dimen301
\caption@indent=\dimen302
\caption@parindent=\dimen303
\caption@hangindent=\dimen304
Package caption Info: Standard document class detected.
)
\c@caption@flags=\count324
\c@continuedfloat=\count325
) (/home/datng/.miktex/texmfs/install/tex/latex/caption/subcaption.sty
Package: subcaption 2023/07/28 v1.6b Sub-captions (AR)
Package caption Info: New subtype `subfigure' on input line 238.
\c@subfigure=\count326
Package caption Info: New subtype `subtable' on input line 238.
\c@subtable=\count327
) (/home/datng/.miktex/texmfs/install/tex/latex/amsfonts/amsfonts.sty
Package: amsfonts 2013/01/14 v3.01 Basic AMSFonts support
\symAMSa=\mathgroup4
\symAMSb=\mathgroup5
LaTeX Font Info:    Redeclaring math symbol \hbar on input line 98.
LaTeX Font Info:    Overwriting math alphabet `\mathfrak' in version `bold'
(Font)                  U/euf/m/n --> U/euf/b/n on input line 106.
) (/home/datng/.miktex/texmfs/install/tex/latex/derivative/derivative.sty (/home/datng/.miktex/texmfs/install/tex/latex/l3packages/l3keys2e/l3keys2e.sty
Package: l3keys2e 2024-08-16 LaTeX2e option processing using LaTeX3 keys
)
Package: derivative 2024/02/08 v1.4 Nice and easy derivatives and differentials for LaTeX
\l__deriv_gcd_counter_int=\count328
\l__deriv_vmo_int=\count329
\l__deriv_var_count_int=\count330
\l__deriv_tmpa_int=\count331
\l__deriv_tmpb_int=\count332
\l__deriv_seq_pos_int=\count333
\l__deriv_sort_max_int=\count334
) (/home/datng/.miktex/texmfs/install/tex/latex/tools/indentfirst.sty
Package: indentfirst 2023/07/02 v1.03 Indent first paragraph (DPC)
) (/home/datng/.miktex/texmfs/install/tex/latex/tools/tabularx.sty
Package: tabularx 2023/12/11 v2.12a `tabularx' package (DPC)
 (/home/datng/.miktex/texmfs/install/tex/latex/tools/array.sty
Package: array 2025/06/08 v2.6j Tabular extension package (FMi)
\col@sep=\dimen305
\ar@mcellbox=\box67
\extrarowheight=\dimen306
\NC@list=\toks38
\extratabsurround=\skip54
\backup@length=\skip55
\ar@cellbox=\box68
)
\TX@col@width=\dimen307
\TX@old@table=\dimen308
\TX@old@col=\dimen309
\TX@target=\dimen310
\TX@delta=\dimen311
\TX@cols=\count335
\TX@ftn=\toks39
) (/home/datng/.miktex/texmfs/install/tex/latex/enumitem/enumitem.sty
Package: enumitem 2025/02/06 v3.11 Customized lists
\labelindent=\skip56
\enit@outerparindent=\dimen312
\enit@toks=\toks40
\enit@inbox=\box69
\enit@count@id=\count336
\enitdp@description=\count337
) (/home/datng/.miktex/texmfs/install/tex/latex/pdflscape/pdflscape.sty
Package: pdflscape 2022-10-27 v0.13 Display of landscape pages in PDF
 (/home/datng/.miktex/texmfs/install/tex/latex/pdflscape/pdflscape-nometadata.sty
Package: pdflscape-nometadata 2022-10-28 v0.13 Display of landscape pages in PDF (HO)
 (/home/datng/.miktex/texmfs/install/tex/latex/graphics/lscape.sty
Package: lscape 2020/05/28 v3.02 Landscape Pages (DPC)
)
Package pdflscape Info: Auto-detected driver: pdftex on input line 81.
)) (/home/datng/.miktex/texmfs/install/tex/latex/listings/listings.sty
\lst@mode=\count338
\lst@gtempboxa=\box70
\lst@token=\toks41
\lst@length=\count339
\lst@currlwidth=\dimen313
\lst@column=\count340
\lst@pos=\count341
\lst@lostspace=\dimen314
\lst@width=\dimen315
\lst@newlines=\count342
\lst@lineno=\count343
\lst@maxwidth=\dimen316
 (/home/datng/.miktex/texmfs/install/tex/latex/listings/lstpatch.sty
File: lstpatch.sty 2024/09/23 1.10c (Carsten Heinz)
) (/home/datng/.miktex/texmfs/install/tex/latex/listings/lstmisc.sty
File: lstmisc.sty 2024/09/23 1.10c (Carsten Heinz)
\c@lstnumber=\count344
\lst@skipnumbers=\count345
\lst@framebox=\box71
) (/home/datng/.miktex/texmfs/install/tex/latex/listings/listings.cfg
File: listings.cfg 2024/09/23 1.10c listings configuration
))
Package: listings 2024/09/23 1.10c (Carsten Heinz)
 (main.aux)
\openout1 = `main.aux'.

LaTeX Font Info:    Checking defaults for OML/cmm/m/it on input line 42.
LaTeX Font Info:    ... okay on input line 42.
LaTeX Font Info:    Checking defaults for OMS/cmsy/m/n on input line 42.
LaTeX Font Info:    ... okay on input line 42.
LaTeX Font Info:    Checking defaults for OT1/cmr/m/n on input line 42.
LaTeX Font Info:    ... okay on input line 42.
LaTeX Font Info:    Checking defaults for T1/cmr/m/n on input line 42.
LaTeX Font Info:    ... okay on input line 42.
LaTeX Font Info:    Checking defaults for TS1/cmr/m/n on input line 42.
LaTeX Font Info:    ... okay on input line 42.
LaTeX Font Info:    Checking defaults for OMX/cmex/m/n on input line 42.
LaTeX Font Info:    ... okay on input line 42.
LaTeX Font Info:    Checking defaults for U/cmr/m/n on input line 42.
LaTeX Font Info:    ... okay on input line 42.
LaTeX Font Info:    Checking defaults for T5/cmr/m/n on input line 42.
LaTeX Font Info:    ... okay on input line 42.

*geometry* driver: auto-detecting
*geometry* detected driver: pdftex
*geometry* verbose mode - [ preamble ] result:
* driver: pdftex
* paper: a4paper
* layout: <same size as paper>
* layoutoffset:(h,v)=(0.0pt,0.0pt)
* modes: 
* h-part:(L,W,R)=(71.13188pt, 469.47049pt, 56.9055pt)
* v-part:(T,H,B)=(56.9055pt, 731.23584pt, 56.9055pt)
* \paperwidth=597.50787pt
* \paperheight=845.04684pt
* \textwidth=469.47049pt
* \textheight=731.23584pt
* \oddsidemargin=-1.1381pt
* \evensidemargin=-1.1381pt
* \topmargin=-52.36449pt
* \headheight=12.0pt
* \headsep=25.0pt
* \topskip=12.0pt
* \footskip=30.0pt
* \marginparwidth=35.0pt
* \marginparsep=10.0pt
* \columnsep=10.0pt
* \skip\footins=10.8pt plus 4.0pt minus 2.0pt
* \hoffset=0.0pt
* \voffset=0.0pt
* \mag=1000
* \@twocolumnfalse
* \@twosidefalse
* \@mparswitchfalse
* \@reversemarginfalse
* (1in=72.27pt=25.4mm, 1cm=28.453pt)

(/home/datng/.miktex/texmfs/install/tex/context/base/mkii/supp-pdf.mkii
[Loading MPS to PDF converter (version 2006.09.02).]
\scratchcounter=\count346
\scratchdimen=\dimen317
\scratchbox=\box72
\nofMPsegments=\count347
\nofMParguments=\count348
\everyMPshowfont=\toks42
\MPscratchCnt=\count349
\MPscratchDim=\dimen318
\MPnumerator=\count350
\makeMPintoPDFobject=\count351
\everyMPtoPDFconversion=\toks43
) (/home/datng/.miktex/texmfs/install/tex/latex/epstopdf-pkg/epstopdf-base.sty
Package: epstopdf-base 2020-01-24 v2.11 Base part for package epstopdf
Package epstopdf-base Info: Redefining graphics rule for `.eps' on input line 485.
 (/home/datng/.miktex/texmfs/install/tex/latex/00miktex/epstopdf-sys.cfg
File: epstopdf-sys.cfg 2021/03/18 v2.0 Configuration of epstopdf for MiKTeX
))
Package caption Info: Begin \AtBeginDocument code.
Package caption Info: listings package is loaded.
Package caption Info: End \AtBeginDocument code.
\c@lstlisting=\count352


pdfTeX warning: pdflatex (file ./logo_bk.pdf): PDF inclusion: found PDF version <1.7>, but at most version <1.5> allowed
<logo_bk.pdf, id=4, 47.17625pt x 47.17625pt>
File: logo_bk.pdf Graphic file (type pdf)
<use logo_bk.pdf>
Package pdftex.def Info: logo_bk.pdf  used on input line 75.
(pdftex.def)             Requested size: 188.70447pt x 188.70447pt.
LaTeX Font Info:    Trying to load font information for U+msa on input line 88.
(/home/datng/.miktex/texmfs/install/tex/latex/amsfonts/umsa.fd
File: umsa.fd 2013/01/14 v3.01 AMS symbols A
)
LaTeX Font Info:    Trying to load font information for U+msb on input line 88.
 (/home/datng/.miktex/texmfs/install/tex/latex/amsfonts/umsb.fd
File: umsb.fd 2013/01/14 v3.01 AMS symbols B
)

[1

{/home/datng/.miktex/texmfs/data/fonts/map/pdftex/pdftex.map} <./logo_bk.pdf>] (main.toc)
\tf@toc=\write4
\openout4 = `main.toc'.



[1]

[2]
Overfull \hbox (26.48825pt too wide) detected at line 204
[][][]
 []



[3]

[4]

[5]

[6]
<MATLAB_1.pdf, id=55, 794.97pt x 614.295pt>
File: MATLAB_1.pdf Graphic file (type pdf)
<use MATLAB_1.pdf>
Package pdftex.def Info: MATLAB_1.pdf  used on input line 423.
(pdftex.def)             Requested size: 546.79527pt x 422.52342pt.


[7 <./MATLAB_1.pdf>]
LaTeX Font Info:    Trying to load font information for T5+cmtt on input line 431.
 (/home/datng/.miktex/texmfs/install/tex/latex/vntex/t5cmtt.fd
File: t5cmtt.fd 1999/05/25 v2.5h Standard LaTeX font definitions
)
<MATLAB_2.pdf, id=102, 398.48875pt x 69.25874pt>
File: MATLAB_2.pdf Graphic file (type pdf)
<use MATLAB_2.pdf>
Package pdftex.def Info: MATLAB_2.pdf  used on input line 434.
(pdftex.def)             Requested size: 469.47049pt x 81.59883pt.

Overfull \hbox (18.33223pt too wide) in paragraph at lines 431--437
\T5/cmtt/m/n/12 simulink / 2024 / 08 / 23 / how-[]can-[]i-[]create-[]an-[]impulse-[]delta-[]signal-[]in-[]simulink/$\T5/cmr/m/n/12 .
 []

<MATLAB_3.png, id=103, 435.87843pt x 408.02437pt>
File: MATLAB_3.png Graphic file (type png)
<use MATLAB_3.png>
Package pdftex.def Info: MATLAB_3.png  used on input line 442.
(pdftex.def)             Requested size: 234.73524pt x 219.7322pt.
(/home/datng/.miktex/texmfs/install/tex/latex/listings/lstlang1.sty
File: lstlang1.sty 2024/09/23 1.10c listings language file
)

[8


 <./MATLAB_2.pdf> <./MATLAB_3.png>]
<phan_tich_x_dirac.pdf, id=133, 400.49625pt x 301.125pt>
File: phan_tich_x_dirac.pdf Graphic file (type pdf)
<use phan_tich_x_dirac.pdf>
Package pdftex.def Info: phan_tich_x_dirac.pdf  used on input line 468.
(pdftex.def)             Requested size: 232.38559pt x 174.73073pt.
<phan_tich_theta_dirac.pdf, id=134, 398.48875pt x 301.125pt>
File: phan_tich_theta_dirac.pdf Graphic file (type pdf)
<use phan_tich_theta_dirac.pdf>
Package pdftex.def Info: phan_tich_theta_dirac.pdf  used on input line 473.
(pdftex.def)             Requested size: 232.38559pt x 175.60373pt.
<phan_tich_x_step.pdf, id=135, 401.5pt x 301.125pt>
File: phan_tich_x_step.pdf Graphic file (type pdf)
<use phan_tich_x_step.pdf>
Package pdftex.def Info: phan_tich_x_step.pdf  used on input line 492.
(pdftex.def)             Requested size: 232.38559pt x 174.29422pt.
<phan_tich_theta_step.pdf, id=136, 401.5pt x 301.125pt>
File: phan_tich_theta_step.pdf Graphic file (type pdf)
<use phan_tich_theta_step.pdf>
Package pdftex.def Info: phan_tich_theta_step.pdf  used on input line 497.
(pdftex.def)             Requested size: 232.38559pt x 174.29422pt.
<phan_tich_x_f.pdf, id=137, 401.5pt x 301.125pt>
File: phan_tich_x_f.pdf Graphic file (type pdf)
<use phan_tich_x_f.pdf>
Package pdftex.def Info: phan_tich_x_f.pdf  used on input line 516.
(pdftex.def)             Requested size: 232.38559pt x 174.29422pt.
<phan_tich_theta_f.pdf, id=138, 401.5pt x 301.125pt>
File: phan_tich_theta_f.pdf Graphic file (type pdf)
<use phan_tich_theta_f.pdf>
Package pdftex.def Info: phan_tich_theta_f.pdf  used on input line 521.
(pdftex.def)             Requested size: 232.38559pt x 174.29422pt.


[9 <./phan_tich_x_dirac.pdf> <./phan_tich_theta_dirac.pdf> <./phan_tich_x_step.pdf> <./phan_tich_theta_step.pdf>]

[10 <./phan_tich_x_f.pdf> <./phan_tich_theta_f.pdf>]
<thiet_ke_PID_con_lac.png, id=212, 1445.4pt x 776.9025pt>
File: thiet_ke_PID_con_lac.png Graphic file (type png)
<use thiet_ke_PID_con_lac.png>
Package pdftex.def Info: thiet_ke_PID_con_lac.png  used on input line 580.
(pdftex.def)             Requested size: 469.47049pt x 252.3362pt.


[11 <./thiet_ke_PID_con_lac.png>]
<MATLAB_4.pdf, id=218, 633.36626pt x 176.66pt>
File: MATLAB_4.pdf Graphic file (type pdf)
<use MATLAB_4.pdf>
Package pdftex.def Info: MATLAB_4.pdf  used on input line 603.
(pdftex.def)             Requested size: 469.47049pt x 130.95007pt.
<MATLAB_5.pdf, id=219, 398.48875pt x 301.125pt>
File: MATLAB_5.pdf Graphic file (type pdf)
<use MATLAB_5.pdf>
Package pdftex.def Info: MATLAB_5.pdf  used on input line 610.
(pdftex.def)             Requested size: 469.47049pt x 354.77762pt.


[12 <./MATLAB_4.pdf> <./MATLAB_5.pdf>]
<thiet_ke_PID_xe_day.png, id=256, 1445.4pt x 776.9025pt>
File: thiet_ke_PID_xe_day.png Graphic file (type png)
<use thiet_ke_PID_xe_day.png>
Package pdftex.def Info: thiet_ke_PID_xe_day.png  used on input line 660.
(pdftex.def)             Requested size: 469.47049pt x 252.3362pt.


[13 <./thiet_ke_PID_xe_day.png>]
<MATLAB_7.pdf, id=261, 558.085pt x 136.51pt>
File: MATLAB_7.pdf Graphic file (type pdf)
<use MATLAB_7.pdf>
Package pdftex.def Info: MATLAB_7.pdf  used on input line 682.
(pdftex.def)             Requested size: 469.47049pt x 114.83841pt.
<MATLAB_6.pdf, id=262, 398.48875pt x 301.125pt>
File: MATLAB_6.pdf Graphic file (type pdf)
<use MATLAB_6.pdf>
Package pdftex.def Info: MATLAB_6.pdf  used on input line 689.
(pdftex.def)             Requested size: 469.47049pt x 354.77762pt.


[14 <./MATLAB_7.pdf> <./MATLAB_6.pdf>]

[15] (main.aux)
 ***********
LaTeX2e <2025-06-01> patch level 1
L3 programming layer <2025-07-20>
 ***********
 ) 
Here is how much of TeX's memory you used:
 40112 strings out of 468135
 998304 string characters out of 5435616
 1820811 words of memory out of 5000000
 68324 multiletter control sequences out of 15000+600000
 650363 words of font info for 95 fonts, out of 8000000 for 9000
 1141 hyphenation exceptions out of 8191
 99i,16n,105p,574b,1887s stack positions out of 10000i,1000n,20000p,200000b,200000s
 </home/datng/.miktex/texmfs/data/fonts/pk/ljfour/jknappen/ec/dpi600/tcrm1200.pk></home/datng/.miktex/texmfs/install/fonts/type1/public/amsfonts/cm/cmbx10.pfb></home/datng/.miktex/texmfs/install/fonts/type1/public/amsfonts/cm/cmbx12.pfb></home/datng/.miktex/texmfs/install/fonts/type1/public/amsfonts/cm/cmbx8.pfb></home/datng/.miktex/texmfs/install/fonts/type1/public/amsfonts/cm/cmex10.pfb></home/datng/.miktex/texmfs/install/fonts/type1/public/amsfonts/cm/cmmi10.pfb></home/datng/.miktex/texmfs/install/fonts/type1/public/amsfonts/cm/cmmi12.pfb></home/datng/.miktex/texmfs/install/fonts/type1/public/amsfonts/cm/cmmi8.pfb></home/datng/.miktex/texmfs/install/fonts/type1/public/amsfonts/cm/cmr10.pfb></home/datng/.miktex/texmfs/install/fonts/type1/public/amsfonts/cm/cmr12.pfb></home/datng/.miktex/texmfs/install/fonts/type1/public/amsfonts/cm/cmr7.pfb></home/datng/.miktex/texmfs/install/fonts/type1/public/amsfonts/cm/cmr8.pfb></home/datng/.miktex/texmfs/install/fonts/type1/public/amsfonts/cm/cmsy10.pfb></home/datng/.miktex/texmfs/install/fonts/type1/public/amsfonts/cm/cmsy8.pfb></home/datng/.miktex/texmfs/install/fonts/type1/vntex/vnr/vnbx12.pfb></home/datng/.miktex/texmfs/install/fonts/type1/vntex/vnr/vnr10.pfb></home/datng/.miktex/texmfs/install/fonts/type1/vntex/vnr/vnr12.pfb></home/datng/.miktex/texmfs/install/fonts/type1/vntex/vnr/vnr17.pfb></home/datng/.miktex/texmfs/install/fonts/type1/vntex/vnr/vnr6.pfb></home/datng/.miktex/texmfs/install/fonts/type1/vntex/vnr/vnr8.pfb></home/datng/.miktex/texmfs/install/fonts/type1/vntex/vnr/vnti12.pfb></home/datng/.miktex/texmfs/install/fonts/type1/vntex/vnr/vntt10.pfb></home/datng/.miktex/texmfs/install/fonts/type1/vntex/vnr/vntt12.pfb>
Output written on main.pdf (16 pages, 760311 bytes).
PDF statistics:
 394 PDF objects out of 1000 (max. 8388607)
 0 named destinations out of 1000 (max. 500000)
 93 words of extra memory for PDF output out of 10000 (max. 10000000)

